Arguments: 
  C:\Program Files\nodejs\node.exe C:\Users\Danilo\AppData\Roaming\npm\node_modules\yarn\bin\yarn.js install

PATH: 
  C:\Program Files\Common Files\Oracle\Java\javapath;C:\Windows\system32;C:\Windows;C:\Windows\System32\Wbem;C:\Windows\System32\WindowsPowerShell\v1.0\;C:\Windows\System32\OpenSSH\;C:\Program Files\nodejs\;C:\Program Files\Git\cmd;C:\Program Files\Java\jdk-11.0.11\bin;;C:\Program Files\Docker\Docker\resources\bin;C:\ProgramData\DockerDesktop\version-bin;C:\Program Files\Amazon\AWSCLIV2\;C:\Users\Danilo\AppData\Local\Programs\Python\Python310\Scripts\;C:\Users\Danilo\AppData\Local\Programs\Python\Python310\;C:\Users\Danilo\AppData\Local\Microsoft\WindowsApps;C:\Users\Danilo\AppData\Local\Programs\Microsoft VS Code\bin;C:\Users\Danilo\AppData\Roaming\npm;C:\Users\Danilo\AppData\Local\Android\Sdk\platform-tools;C:\Program Files\Java\jdk-17\bin;C:\Program Files (x86)\Atmel\Flip 3.4.7\bin

Yarn version: 
  1.22.18

Node version: 
  14.17.6

Platform: 
  win32 x64

Trace: 
  Error: https://testejean--bitsized.myvtex.com/_v/private/typings/linked/v1/bitsized.point-count-four@1.0.0+build1658148561/public/@types/bitsized.point-count-four: Request failed "500 Internal Server Error"
      at ResponseError.ExtendableBuiltin (C:\Users\Danilo\AppData\Roaming\npm\node_modules\yarn\lib\cli.js:696:66)
      at new ResponseError (C:\Users\Danilo\AppData\Roaming\npm\node_modules\yarn\lib\cli.js:802:124)
      at Request.<anonymous> (C:\Users\Danilo\AppData\Roaming\npm\node_modules\yarn\lib\cli.js:66208:16)
      at Request.emit (events.js:400:28)
      at Request.module.exports.Request.onRequestResponse (C:\Users\Danilo\AppData\Roaming\npm\node_modules\yarn\lib\cli.js:141760:10)
      at ClientRequest.emit (events.js:400:28)
      at HTTPParser.parserOnIncomingClient (_http_client.js:647:27)
      at HTTPParser.parserOnHeadersComplete (_http_common.js:126:17)
      at HTTPParser.execute (<anonymous>)
      at TLSSocket.socketOnData (_http_client.js:515:22)

npm manifest: 
  {
    "scripts": {
      "test": "vtex-test-tools test"
    },
    "dependencies": {
      "@vtex/css-handles": "^1.0.0",
      "classnames": "^2.2.6",
      "ramda": "^0.26.1",
      "react": "^16.12.0",
      "react-apollo": "^3.1.3",
      "react-dom": "^16.12.0",
      "react-intl": "^3.12.0"
    },
    "devDependencies": {
      "@apollo/react-testing": "^3.1.3",
      "@types/classnames": "^2.2.7",
      "@types/jest": "^24.0.18",
      "@types/node": "^12.7.5",
      "@types/prop-types": "^15.7.0",
      "@types/ramda": "^0.26.5",
      "@types/react": "^16.9.31",
      "@vtex/test-tools": "^3.3.2",
      "@vtex/tsconfig": "^0.4.4",
      "apollo-cache-inmemory": "^1.6.5",
      "apollo-client": "^2.5.1",
      "bitsized.point-count-four": "https://testejean--bitsized.myvtex.com/_v/private/typings/linked/v1/bitsized.point-count-four@1.0.0+build1658148561/public/@types/bitsized.point-count-four",
      "graphql": "^14.6.0",
      "typescript": "3.9.7",
      "vtex.css-handles": "http://vtex.vtexassets.com/_v/public/typings/v1/vtex.css-handles@0.4.4/public/@types/vtex.css-handles",
      "vtex.product-context": "http://vtex.vtexassets.com/_v/public/typings/v1/vtex.product-context@0.10.0/public/@types/vtex.product-context",
      "vtex.render-runtime": "http://vtex.vtexassets.com/_v/public/typings/v1/vtex.render-runtime@8.132.4/public/@types/vtex.render-runtime",
      "vtex.styleguide": "http://vtex.vtexassets.com/_v/public/typings/v1/vtex.styleguide@9.146.1/public/@types/vtex.styleguide"
    }
  }

yarn manifest: 
  No manifest

Lockfile: 
  No lockfile
